Build started 25-11-2019 21:44:22.
     1>Project "C:\Users\Asus\Desktop\sivangibackup\Form1\Form1\Form1.vcxproj" on node 2 (build target(s)).
     1>InitializeBuildStatus:
         Creating "Debug\Form1.unsuccessfulbuild" because "AlwaysCreate" was specified.
       GenerateTargetFrameworkMonikerAttribute:
       Skipping target "GenerateTargetFrameworkMonikerAttribute" because all output files are up-to-date with respect to the input files.
       ClCompile:
         All outputs are up-to-date.
         C:\Program Files (x86)\Microsoft Visual Studio 10.0\VC\bin\CL.exe /c /AI"C:\Program Files (x86)\Reference Assemblies\Microsoft\Framework\.NETFramework\v4.0" /Zi /clr:pure /nologo /W3 /WX- /Od /Oy- /D WIN32 /D _DEBUG /D _UNICODE /D UNICODE /EHa /MDd /GS /fp:precise /Zc:wchar_t /Zc:forScope /Yu"StdAfx.h" /Fp"Debug\Form1.pch" /Fo"Debug\\" /Fd"Debug\vc100.pdb" /TP /FU"C:\Program Files (x86)\Reference Assemblies\Microsoft\Framework\.NETFramework\v4.0\System.Core.dll" /FU"C:\Program Files (x86)\Reference Assemblies\Microsoft\Framework\.NETFramework\v4.0\System.Data.dll" /FU"C:\Program Files (x86)\Reference Assemblies\Microsoft\Framework\.NETFramework\v4.0\System.dll" /FU"C:\Program Files (x86)\Reference Assemblies\Microsoft\Framework\.NETFramework\v4.0\System.Drawing.dll" /FU"C:\Program Files (x86)\Reference Assemblies\Microsoft\Framework\.NETFramework\v4.0\System.Windows.Forms.dll" /FU"C:\Program Files (x86)\Reference Assemblies\Microsoft\Framework\.NETFramework\v4.0\System.Xml.dll" /analyze- /errorReport:prompt functions.cpp /clr:nostdlib 
         functions.cpp
     1>functions.cpp(910): warning C4101: 'x' : unreferenced local variable
     1>functions.cpp(909): warning C4101: 'temp' : unreferenced local variable
         All outputs are up-to-date.
       CoreResGen:
         No resources are out of date with respect to their source files. Skipping resource generation.
       ResourceCompile:
         All outputs are up-to-date.
       Link:
         C:\Program Files (x86)\Microsoft Visual Studio 10.0\VC\bin\link.exe /ERRORREPORT:PROMPT /OUT:"C:\Users\Asus\Desktop\sivangibackup\Form1\Debug\Form1.exe" /INCREMENTAL /NOLOGO winmm.lib kernel32.lib user32.lib gdi32.lib winspool.lib comdlg32.lib advapi32.lib shell32.lib ole32.lib oleaut32.lib uuid.lib odbc32.lib odbccp32.lib /ASSEMBLYRESOURCE:Debug\Form1.Form1.resources /ASSEMBLYRESOURCE:Debug\Form1.Form10.resources /ASSEMBLYRESOURCE:Debug\Form1.Form2.resources /ASSEMBLYRESOURCE:Debug\Form1.Form3.resources /ASSEMBLYRESOURCE:Debug\Form1.form4.resources /ASSEMBLYRESOURCE:Debug\Form1.form5.resources /ASSEMBLYRESOURCE:Debug\Form1.form6.resources /ASSEMBLYRESOURCE:Debug\Form1.form7.resources /ASSEMBLYRESOURCE:Debug\Form1.form8.resources /ASSEMBLYRESOURCE:Debug\Form1.form9.resources /MANIFEST /ManifestFile:"Debug\Form1.exe.intermediate.manifest" /MANIFESTUAC:"level='asInvoker' uiAccess='false'" /DEBUG /PDB:"C:\Users\Asus\Desktop\sivangibackup\Form1\Debug\Form1.pdb" /ASSEMBLYDEBUG /SUBSYSTEM:CONSOLE /TLBID:1 /ENTRY:"main" /DYNAMICBASE /FIXED:NO /NXCOMPAT /MACHINE:X86 Debug\app.res
         Debug\AssemblyInfo.obj
         Debug\Form1.obj
         Debug\Form10.obj
         Debug\Form2.obj
         Debug\Form3.obj
         Debug\Form4.obj
         Debug\form5.obj
         Debug\form6.obj
         Debug\Form7.obj
         Debug\Form8.obj
         Debug\Form9.obj
         Debug\functions.obj
         Debug\stdafx.obj
         "Debug\.NETFramework,Version=v4.0.AssemblyAttributes.obj"
         Form1.vcxproj -> C:\Users\Asus\Desktop\sivangibackup\Form1\Debug\Form1.exe
       Manifest:
         C:\Program Files (x86)\Microsoft SDKs\Windows\v7.0A\bin\mt.exe /nologo /verbose /outputresource:"C:\Users\Asus\Desktop\sivangibackup\Form1\Debug\Form1.exe;#1" /manifest Debug\Form1.exe.intermediate.manifest
       FinalizeBuildStatus:
         Deleting file "Debug\Form1.unsuccessfulbuild".
         Touching "Debug\Form1.lastbuildstate".
     1>Done Building Project "C:\Users\Asus\Desktop\sivangibackup\Form1\Form1\Form1.vcxproj" (build target(s)).

Build succeeded.

Time Elapsed 00:00:10.60
