C:\USERS\ASUS\DESKTOP\SIVANGIBACKUP\FORM1\DEBUG\FORM1.EXE
C:\USERS\ASUS\DESKTOP\SIVANGIBACKUP\FORM1\DEBUG\FORM1.ILK
C:\USERS\ASUS\DESKTOP\SIVANGIBACKUP\FORM1\DEBUG\FORM1.PDB
C:\USERS\ASUS\DESKTOP\SIVANGIBACKUP\FORM1\FORM1\DEBUG\.NETFRAMEWORK,VERSION=V4.0.ASSEMBLYATTRIBUTES.OBJ
C:\USERS\ASUS\DESKTOP\SIVANGIBACKUP\FORM1\FORM1\DEBUG\APP.RES
C:\USERS\ASUS\DESKTOP\SIVANGIBACKUP\FORM1\FORM1\DEBUG\ASSEMBLYINFO.OBJ
C:\Users\Asus\Desktop\sivangibackup\Form1\Form1\Debug\cl.command.1.tlog
C:\Users\Asus\Desktop\sivangibackup\Form1\Form1\Debug\CL.read.1.tlog
C:\Users\Asus\Desktop\sivangibackup\Form1\Form1\Debug\CL.write.1.tlog
C:\USERS\ASUS\DESKTOP\SIVANGIBACKUP\FORM1\FORM1\DEBUG\FORM1.EXE.INTERMEDIATE.MANIFEST
C:\Users\Asus\Desktop\sivangibackup\Form1\Form1\Debug\Form1.Form1.resources
C:\Users\Asus\Desktop\sivangibackup\Form1\Form1\Debug\Form1.Form10.resources
C:\Users\Asus\Desktop\sivangibackup\Form1\Form1\Debug\Form1.Form2.resources
C:\Users\Asus\Desktop\sivangibackup\Form1\Form1\Debug\Form1.Form3.resources
C:\Users\Asus\Desktop\sivangibackup\Form1\Form1\Debug\Form1.form4.resources
C:\Users\Asus\Desktop\sivangibackup\Form1\Form1\Debug\Form1.form5.resources
C:\Users\Asus\Desktop\sivangibackup\Form1\Form1\Debug\Form1.form6.resources
C:\Users\Asus\Desktop\sivangibackup\Form1\Form1\Debug\Form1.form7.resources
C:\Users\Asus\Desktop\sivangibackup\Form1\Form1\Debug\Form1.form8.resources
C:\Users\Asus\Desktop\sivangibackup\Form1\Form1\Debug\Form1.form9.resources
C:\USERS\ASUS\DESKTOP\SIVANGIBACKUP\FORM1\FORM1\DEBUG\FORM1.OBJ
C:\USERS\ASUS\DESKTOP\SIVANGIBACKUP\FORM1\FORM1\DEBUG\FORM1.PCH
C:\Users\Asus\Desktop\sivangibackup\Form1\Form1\Debug\Form1.vcxproj.GenerateResource.Cache
C:\Users\Asus\Desktop\sivangibackup\Form1\Form1\Debug\Form1.vcxprojResolveAssemblyReference.cache
C:\Users\Asus\Desktop\sivangibackup\Form1\Form1\Debug\Form1.write.1.tlog
C:\USERS\ASUS\DESKTOP\SIVANGIBACKUP\FORM1\FORM1\DEBUG\FORM10.OBJ
C:\USERS\ASUS\DESKTOP\SIVANGIBACKUP\FORM1\FORM1\DEBUG\FORM2.OBJ
C:\USERS\ASUS\DESKTOP\SIVANGIBACKUP\FORM1\FORM1\DEBUG\FORM3.OBJ
C:\USERS\ASUS\DESKTOP\SIVANGIBACKUP\FORM1\FORM1\DEBUG\FORM4.OBJ
C:\USERS\ASUS\DESKTOP\SIVANGIBACKUP\FORM1\FORM1\DEBUG\FORM5.OBJ
C:\USERS\ASUS\DESKTOP\SIVANGIBACKUP\FORM1\FORM1\DEBUG\FORM6.OBJ
C:\USERS\ASUS\DESKTOP\SIVANGIBACKUP\FORM1\FORM1\DEBUG\FORM7.OBJ
C:\USERS\ASUS\DESKTOP\SIVANGIBACKUP\FORM1\FORM1\DEBUG\FORM8.OBJ
C:\USERS\ASUS\DESKTOP\SIVANGIBACKUP\FORM1\FORM1\DEBUG\FORM9.OBJ
C:\USERS\ASUS\DESKTOP\SIVANGIBACKUP\FORM1\FORM1\DEBUG\FUNCTIONS.OBJ
C:\Users\Asus\Desktop\sivangibackup\Form1\Form1\Debug\link.10016.read.1.tlog
C:\Users\Asus\Desktop\sivangibackup\Form1\Form1\Debug\link.10016.write.1.tlog
C:\Users\Asus\Desktop\sivangibackup\Form1\Form1\Debug\link.10016-cvtres.read.1.tlog
C:\Users\Asus\Desktop\sivangibackup\Form1\Form1\Debug\link.10016-cvtres.write.1.tlog
C:\Users\Asus\Desktop\sivangibackup\Form1\Form1\Debug\link.6308.read.1.tlog
C:\Users\Asus\Desktop\sivangibackup\Form1\Form1\Debug\link.6308.write.1.tlog
C:\Users\Asus\Desktop\sivangibackup\Form1\Form1\Debug\link.6308-cvtres.read.1.tlog
C:\Users\Asus\Desktop\sivangibackup\Form1\Form1\Debug\link.6308-cvtres.write.1.tlog
C:\Users\Asus\Desktop\sivangibackup\Form1\Form1\Debug\link.9248.read.1.tlog
C:\Users\Asus\Desktop\sivangibackup\Form1\Form1\Debug\link.9248.write.1.tlog
C:\Users\Asus\Desktop\sivangibackup\Form1\Form1\Debug\link.9248-cvtres.read.1.tlog
C:\Users\Asus\Desktop\sivangibackup\Form1\Form1\Debug\link.9248-cvtres.write.1.tlog
C:\Users\Asus\Desktop\sivangibackup\Form1\Form1\Debug\link.command.1.tlog
C:\Users\Asus\Desktop\sivangibackup\Form1\Form1\Debug\link.read.1.tlog
C:\Users\Asus\Desktop\sivangibackup\Form1\Form1\Debug\link.write.1.tlog
C:\Users\Asus\Desktop\sivangibackup\Form1\Form1\Debug\metagen.read.1.tlog
C:\Users\Asus\Desktop\sivangibackup\Form1\Form1\Debug\metagen.write.1.tlog
C:\Users\Asus\Desktop\sivangibackup\Form1\Form1\Debug\mt.command.1.tlog
C:\Users\Asus\Desktop\sivangibackup\Form1\Form1\Debug\mt.read.1.tlog
C:\Users\Asus\Desktop\sivangibackup\Form1\Form1\Debug\mt.write.1.tlog
C:\Users\Asus\Desktop\sivangibackup\Form1\Form1\Debug\rc.command.1.tlog
C:\Users\Asus\Desktop\sivangibackup\Form1\Form1\Debug\rc.read.1.tlog
C:\Users\Asus\Desktop\sivangibackup\Form1\Form1\Debug\rc.write.1.tlog
C:\USERS\ASUS\DESKTOP\SIVANGIBACKUP\FORM1\FORM1\DEBUG\STDAFX.OBJ
C:\Users\Asus\Desktop\sivangibackup\Form1\Form1\Debug\TZRES.DLL.bi
C:\USERS\ASUS\DESKTOP\SIVANGIBACKUP\FORM1\FORM1\DEBUG\VC100.PDB
